{"numFailedTestSuites":1,"numFailedTests":0,"numPassedTestSuites":4,"numPassedTests":8,"numPendingTestSuites":0,"numPendingTests":0,"numRuntimeErrorTestSuites":1,"numTodoTests":0,"numTotalTestSuites":5,"numTotalTests":8,"openHandles":[],"snapshot":{"added":0,"didUpdate":false,"failure":false,"filesAdded":0,"filesRemoved":0,"filesRemovedList":[],"filesUnmatched":0,"filesUpdated":0,"matched":8,"total":8,"unchecked":0,"uncheckedKeysByFile":[],"unmatched":0,"updated":0},"startTime":1573811472225,"success":false,"testResults":[{"assertionResults":[],"coverage":{},"endTime":1573811476555,"message":"  \u001b[1m● \u001b[22mTest suite failed to run\n\n    Cannot find module '../../stories/testData' from 'table.test.js'\n\n    \u001b[0m \u001b[90m  9 | \u001b[39m\u001b[36mvar\u001b[39m _Table \u001b[33m=\u001b[39m _interopRequireDefault(require(\u001b[32m\"../Table\"\u001b[39m))\u001b[33m;\u001b[39m\u001b[0m\n    \u001b[0m \u001b[90m 10 | \u001b[39m\u001b[0m\n    \u001b[0m\u001b[31m\u001b[1m>\u001b[22m\u001b[39m\u001b[90m 11 | \u001b[39m\u001b[36mvar\u001b[39m _testData \u001b[33m=\u001b[39m require(\u001b[32m\"../../stories/testData\"\u001b[39m)\u001b[33m;\u001b[39m\u001b[0m\n    \u001b[0m \u001b[90m    | \u001b[39m                \u001b[31m\u001b[1m^\u001b[22m\u001b[39m\u001b[0m\n    \u001b[0m \u001b[90m 12 | \u001b[39m\u001b[0m\n    \u001b[0m \u001b[90m 13 | \u001b[39m\u001b[36mfunction\u001b[39m _interopRequireDefault(obj) { \u001b[36mreturn\u001b[39m obj \u001b[33m&&\u001b[39m obj\u001b[33m.\u001b[39m__esModule \u001b[33m?\u001b[39m obj \u001b[33m:\u001b[39m { \u001b[36mdefault\u001b[39m\u001b[33m:\u001b[39m obj }\u001b[33m;\u001b[39m }\u001b[0m\n    \u001b[0m \u001b[90m 14 | \u001b[39m\u001b[0m\n\n      \u001b[2mat Resolver.resolveModule (\u001b[22mnode_modules/jest-resolve/build/index.js\u001b[2m:259:17)\u001b[22m\n      \u001b[2mat Object.<anonymous> (\u001b[22m\u001b[0m\u001b[36mdist/components/Table/table.test.js\u001b[39m\u001b[0m\u001b[2m:11:17)\u001b[22m\n","name":"/Users/lusineter-petrosyan/JOBS/evermut/dist/components/Table/table.test.js","startTime":1573811476555,"status":"failed","summary":""},{"assertionResults":[{"ancestorTitles":["<Loader />"],"failureMessages":[],"fullName":"<Loader /> component render correctly","location":null,"status":"passed","title":"component render correctly"},{"ancestorTitles":["<Loader />"],"failureMessages":[],"fullName":"<Loader /> with the changed height of wrapper","location":null,"status":"passed","title":"with the changed height of wrapper"}],"endTime":1573811476437,"message":"","name":"/Users/lusineter-petrosyan/JOBS/evermut/src/components/Loader/loader.test.js","startTime":1573811473550,"status":"passed","summary":""},{"assertionResults":[{"ancestorTitles":["<Loader />"],"failureMessages":[],"fullName":"<Loader /> component render correctly","location":null,"status":"passed","title":"component render correctly"},{"ancestorTitles":["<Loader />"],"failureMessages":[],"fullName":"<Loader /> with the changed height of wrapper","location":null,"status":"passed","title":"with the changed height of wrapper"}],"endTime":1573811476449,"message":"","name":"/Users/lusineter-petrosyan/JOBS/evermut/dist/components/Loader/loader.test.js","startTime":1573811473559,"status":"passed","summary":""},{"assertionResults":[{"ancestorTitles":["<Pagination />"],"failureMessages":[],"fullName":"<Pagination /> component with min requirements render correctly","location":null,"status":"passed","title":"component with min requirements render correctly"},{"ancestorTitles":["<Pagination />"],"failureMessages":[],"fullName":"<Pagination /> component advanced render correctly","location":null,"status":"passed","title":"component advanced render correctly"}],"endTime":1573811476522,"message":"","name":"/Users/lusineter-petrosyan/JOBS/evermut/dist/components/Pagination/pagination.test.js","startTime":1573811473564,"status":"passed","summary":""},{"assertionResults":[{"ancestorTitles":["<Pagination />"],"failureMessages":[],"fullName":"<Pagination /> component with min requirements render correctly","location":null,"status":"passed","title":"component with min requirements render correctly"},{"ancestorTitles":["<Pagination />"],"failureMessages":[],"fullName":"<Pagination /> component advanced render correctly","location":null,"status":"passed","title":"component advanced render correctly"}],"endTime":1573811476544,"message":"","name":"/Users/lusineter-petrosyan/JOBS/evermut/src/components/Pagination/pagination.test.js","startTime":1573811473546,"status":"passed","summary":""}],"wasInterrupted":false}